<?xml version="1.0" encoding="UTF-8"?>
<!-- Generated by org.testng.reporters.JUnitReportReporter -->
<testsuite skipped="0" hostname="DESKTOP-MJ9OJ63" name="test.testng.ParameterTest" tests="1" failures="0" timestamp="2022-07-02T11:48:05 ICT" time="0.002" errors="0">
  <testcase name="testTestNGParams" time="0.002" classname="test.testng.ParameterTest"/>
  <system-out/>
</testsuite> <!-- test.testng.ParameterTest -->
