<?xml version="1.0" encoding="UTF-8"?>
<!-- Generated by org.testng.reporters.JUnitReportReporter -->
<testsuite skipped="0" hostname="DESKTOP-MJ9OJ63" name="learning.lesson_20.TestNGHook01" tests="2" failures="0" timestamp="2022-07-02T11:48:05 ICT" time="0.006" errors="0">
  <testcase name="testB" time="0.003" classname="learning.lesson_20.TestNGHook01"/>
  <system-out/>
  <testcase name="testA" time="0.003" classname="learning.lesson_20.TestNGHook01"/>
  <system-out/>
</testsuite> <!-- learning.lesson_20.TestNGHook01 -->
