<?xml version="1.0" encoding="UTF-8"?>
<!-- Generated by org.testng.reporters.JUnitReportReporter -->
<testsuite skipped="0" hostname="DESKTOP-MJ9OJ63" name="test.lesson_19.LoginTest" tests="3" failures="0" timestamp="2022-07-02T11:48:05 ICT" time="50.722" errors="0">
  <testcase name="testLogin" time="11.489" classname="test.lesson_19.LoginTest"/>
  <system-out/>
  <testcase name="testLogin" time="26.414" classname="test.lesson_19.LoginTest"/>
  <system-out/>
  <testcase name="testLogin" time="12.819" classname="test.lesson_19.LoginTest"/>
  <system-out/>
</testsuite> <!-- test.lesson_19.LoginTest -->
