<?xml version="1.0" encoding="UTF-8"?>
<!-- Generated by org.testng.reporters.JUnitReportReporter -->
<testsuite skipped="0" hostname="DESKTOP-MJ9OJ63" name="learning.testng.ParameterTest2" tests="1" failures="0" timestamp="2022-07-02T11:48:05 ICT" time="0.003" errors="0">
  <testcase name="testTestNGParams" time="0.003" classname="learning.testng.ParameterTest2"/>
  <system-out/>
</testsuite> <!-- learning.testng.ParameterTest2 -->
